# JRE version: Java(TM) SE Runtime Environment (8.0_251-b08) (build 1.8.0_251-b08)
# Java VM: Java HotSpot(TM) 64-Bit Server VM (25.251-b08 mixed mode windows-amd64 compressed oops)
Heap:
 PSYoungGen      total 430080K, used 205151K [0x000000076b180000, 0x0000000786d00000, 0x00000007c0000000)
  eden space 421376K, 48% used [0x000000076b180000,0x00000007779d7cc0,0x0000000784d00000)
  from space 8704K, 0% used [0x0000000784d00000,0x0000000784d00000,0x0000000785580000)
  to   space 16384K, 0% used [0x0000000785d00000,0x0000000785d00000,0x0000000786d00000)
 ParOldGen       total 200192K, used 24316K [0x00000006c1400000, 0x00000006cd780000, 0x000000076b180000)
  object space 200192K, 12% used [0x00000006c1400000,0x00000006c2bbf060,0x00000006cd780000)
 Metaspace       used 58278K, capacity 63104K, committed 63232K, reserved 1103872K
  class space    used 8012K, capacity 8901K, committed 8960K, reserved 1048576K
GC Heap History (10 events):
Event: 283.200 GC heap before
{Heap before GC invocations=16 (full 5):
 PSYoungGen      total 402944K, used 8400K [0x000000076b180000, 0x0000000787000000, 0x00000007c0000000)
  eden space 384512K, 0% used [0x000000076b180000,0x000000076b180000,0x0000000782900000)
  from space 18432K, 45% used [0x0000000782900000,0x00000007831343a0,0x0000000783b00000)
  to   space 17920K, 0% used [0x0000000785e80000,0x0000000785e80000,0x0000000787000000)
 ParOldGen       total 200192K, used 20094K [0x00000006c1400000, 0x00000006cd780000, 0x000000076b180000)
  object space 200192K, 10% used [0x00000006c1400000,0x00000006c279f9a8,0x00000006cd780000)
 Metaspace       used 57252K, capacity 61678K, committed 61952K, reserved 1101824K
  class space    used 7894K, capacity 8678K, committed 8704K, reserved 1048576K
Event: 283.429 GC heap after
Heap after GC invocations=16 (full 5):
 PSYoungGen      total 402944K, used 0K [0x000000076b180000, 0x0000000787000000, 0x00000007c0000000)
  eden space 384512K, 0% used [0x000000076b180000,0x000000076b180000,0x0000000782900000)
  from space 18432K, 0% used [0x0000000782900000,0x0000000782900000,0x0000000783b00000)
  to   space 17920K, 0% used [0x0000000785e80000,0x0000000785e80000,0x0000000787000000)
 ParOldGen       total 200192K, used 23848K [0x00000006c1400000, 0x00000006cd780000, 0x000000076b180000)
  object space 200192K, 11% used [0x00000006c1400000,0x00000006c2b4a0a8,0x00000006cd780000)
 Metaspace       used 57252K, capacity 61678K, committed 61952K, reserved 1101824K
  class space    used 7894K, capacity 8678K, committed 8704K, reserved 1048576K
}
Event: 362.752 GC heap before
{Heap before GC invocations=17 (full 5):
 PSYoungGen      total 402944K, used 211435K [0x000000076b180000, 0x0000000787000000, 0x00000007c0000000)
  eden space 384512K, 54% used [0x000000076b180000,0x0000000777ffaf28,0x0000000782900000)
  from space 18432K, 0% used [0x0000000782900000,0x0000000782900000,0x0000000783b00000)
  to   space 17920K, 0% used [0x0000000785e80000,0x0000000785e80000,0x0000000787000000)
 ParOldGen       total 200192K, used 23848K [0x00000006c1400000, 0x00000006cd780000, 0x000000076b180000)
  object space 200192K, 11% used [0x00000006c1400000,0x00000006c2b4a0a8,0x00000006cd780000)
 Metaspace       used 57569K, capacity 62098K, committed 62336K, reserved 1103872K
  class space    used 7924K, capacity 8737K, committed 8832K, reserved 1048576K
Event: 362.763 GC heap after
Heap after GC invocations=17 (full 5):
 PSYoungGen      total 437248K, used 8363K [0x000000076b180000, 0x0000000786e00000, 0x00000007c0000000)
  eden space 421376K, 0% used [0x000000076b180000,0x000000076b180000,0x0000000784d00000)
  from space 15872K, 52% used [0x0000000785e80000,0x00000007866aad80,0x0000000786e00000)
  to   space 16896K, 0% used [0x0000000784d00000,0x0000000784d00000,0x0000000785d80000)
 ParOldGen       total 200192K, used 23856K [0x00000006c1400000, 0x00000006cd780000, 0x000000076b180000)
  object space 200192K, 11% used [0x00000006c1400000,0x00000006c2b4c0a8,0x00000006cd780000)
 Metaspace       used 57569K, capacity 62098K, committed 62336K, reserved 1103872K
  class space    used 7924K, capacity 8737K, committed 8832K, reserved 1048576K
}
Event: 362.763 GC heap before
{Heap before GC invocations=18 (full 6):
 PSYoungGen      total 437248K, used 8363K [0x000000076b180000, 0x0000000786e00000, 0x00000007c0000000)
  eden space 421376K, 0% used [0x000000076b180000,0x000000076b180000,0x0000000784d00000)
  from space 15872K, 52% used [0x0000000785e80000,0x00000007866aad80,0x0000000786e00000)
  to   space 16896K, 0% used [0x0000000784d00000,0x0000000784d00000,0x0000000785d80000)
 ParOldGen       total 200192K, used 23856K [0x00000006c1400000, 0x00000006cd780000, 0x000000076b180000)
  object space 200192K, 11% used [0x00000006c1400000,0x00000006c2b4c0a8,0x00000006cd780000)
 Metaspace       used 57569K, capacity 62098K, committed 62336K, reserved 1103872K
  class space    used 7924K, capacity 8737K, committed 8832K, reserved 1048576K
Event: 362.986 GC heap after
Heap after GC invocations=18 (full 6):
 PSYoungGen      total 437248K, used 0K [0x000000076b180000, 0x0000000786e00000, 0x00000007c0000000)
  eden space 421376K, 0% used [0x000000076b180000,0x000000076b180000,0x0000000784d00000)
  from space 15872K, 0% used [0x0000000785e80000,0x0000000785e80000,0x0000000786e00000)
  to   space 16896K, 0% used [0x0000000784d00000,0x0000000784d00000,0x0000000785d80000)
 ParOldGen       total 200192K, used 24086K [0x00000006c1400000, 0x00000006cd780000, 0x000000076b180000)
  object space 200192K, 12% used [0x00000006c1400000,0x00000006c2b85b38,0x00000006cd780000)
 Metaspace       used 57566K, capacity 62092K, committed 62336K, reserved 1103872K
  class space    used 7923K, capacity 8735K, committed 8832K, reserved 1048576K
}
Event: 396.687 GC heap before
{Heap before GC invocations=19 (full 6):
 PSYoungGen      total 437248K, used 205457K [0x000000076b180000, 0x0000000786e00000, 0x00000007c0000000)
  eden space 421376K, 48% used [0x000000076b180000,0x0000000777a24560,0x0000000784d00000)
  from space 15872K, 0% used [0x0000000785e80000,0x0000000785e80000,0x0000000786e00000)
  to   space 16896K, 0% used [0x0000000784d00000,0x0000000784d00000,0x0000000785d80000)
 ParOldGen       total 200192K, used 24086K [0x00000006c1400000, 0x00000006cd780000, 0x000000076b180000)
  object space 200192K, 12% used [0x00000006c1400000,0x00000006c2b85b38,0x00000006cd780000)
 Metaspace       used 57991K, capacity 62754K, committed 62848K, reserved 1103872K
  class space    used 7985K, capacity 8829K, committed 8832K, reserved 1048576K
Event: 396.696 GC heap after
Heap after GC invocations=19 (full 6):
 PSYoungGen      total 430080K, used 8304K [0x000000076b180000, 0x0000000786d00000, 0x00000007c0000000)
  eden space 421376K, 0% used [0x000000076b180000,0x000000076b180000,0x0000000784d00000)
  from space 8704K, 95% used [0x0000000784d00000,0x000000078551c020,0x0000000785580000)
  to   space 16384K, 0% used [0x0000000785d00000,0x0000000785d00000,0x0000000786d00000)
 ParOldGen       total 200192K, used 24094K [0x00000006c1400000, 0x00000006cd780000, 0x000000076b180000)
  object space 200192K, 12% used [0x00000006c1400000,0x00000006c2b87b38,0x00000006cd780000)
 Metaspace       used 57991K, capacity 62754K, committed 62848K, reserved 1103872K
  class space    used 7985K, capacity 8829K, committed 8832K, reserved 1048576K
}
Event: 396.696 GC heap before
{Heap before GC invocations=20 (full 7):
 PSYoungGen      total 430080K, used 8304K [0x000000076b180000, 0x0000000786d00000, 0x00000007c0000000)
  eden space 421376K, 0% used [0x000000076b180000,0x000000076b180000,0x0000000784d00000)
  from space 8704K, 95% used [0x0000000784d00000,0x000000078551c020,0x0000000785580000)
  to   space 16384K, 0% used [0x0000000785d00000,0x0000000785d00000,0x0000000786d00000)
 ParOldGen       total 200192K, used 24094K [0x00000006c1400000, 0x00000006cd780000, 0x000000076b180000)
  object space 200192K, 12% used [0x00000006c1400000,0x00000006c2b87b38,0x00000006cd780000)
 Metaspace       used 57991K, capacity 62754K, committed 62848K, reserved 1103872K
  class space    used 7985K, capacity 8829K, committed 8832K, reserved 1048576K
Event: 396.886 GC heap after
Heap after GC invocations=20 (full 7):
 PSYoungGen      total 430080K, used 0K [0x000000076b180000, 0x0000000786d00000, 0x00000007c0000000)
  eden space 421376K, 0% used [0x000000076b180000,0x000000076b180000,0x0000000784d00000)
  from space 8704K, 0% used [0x0000000784d00000,0x0000000784d00000,0x0000000785580000)
  to   space 16384K, 0% used [0x0000000785d00000,0x0000000785d00000,0x0000000786d00000)
 ParOldGen       total 200192K, used 24316K [0x00000006c1400000, 0x00000006cd780000, 0x000000076b180000)
  object space 200192K, 12% used [0x00000006c1400000,0x00000006c2bbf060,0x00000006cd780000)
 Metaspace       used 57989K, capacity 62748K, committed 62848K, reserved 1103872K
  class space    used 7984K, capacity 8827K, committed 8832K, reserved 1048576K
}

